[2020-10-18 18:03:52] local.ERROR: SQLSTATE[HY000] [1045] Access denied for user 'YOUR_DATABASE_USERNAME'@'localhost' (using password: YES) (SQL: select * from information_schema.tables where table_schema = YOUR_DATABASE_NAME and table_name = users) {"exception":"[object] (Illuminate\\Database\\QueryException(code: 1045): SQLSTATE[HY000] [1045] Access denied for user 'YOUR_DATABASE_USERNAME'@'localhost' (using password: YES) (SQL: select * from information_schema.tables where table_schema = YOUR_DATABASE_NAME and table_name = users) at /Users/mohanad/Documents/waleed/freelancer/freelancer/vendor/laravel/framework/src/Illuminate/Database/Connection.php:664, Doctrine\\DBAL\\Driver\\PDOException(code: 1045): SQLSTATE[HY000] [1045] Access denied for user 'YOUR_DATABASE_USERNAME'@'localhost' (using password: YES) at /Users/mohanad/Documents/waleed/freelancer/freelancer/vendor/doctrine/dbal/lib/Doctrine/DBAL/Driver/PDOConnection.php:31, PDOException(code: 1045): SQLSTATE[HY000] [1045] Access denied for user 'YOUR_DATABASE_USERNAME'@'localhost' (using password: YES) at /Users/mohanad/Documents/waleed/freelancer/freelancer/vendor/doctrine/dbal/lib/Doctrine/DBAL/Driver/PDOConnection.php:27)
[stacktrace]
#0 /Users/mohanad/Documents/waleed/freelancer/freelancer/vendor/laravel/framework/src/Illuminate/Database/Connection.php(624): Illuminate\\Database\\Connection->runQueryCallback('select * from i...', Array, Object(Closure))
#1 /Users/mohanad/Documents/waleed/freelancer/freelancer/vendor/laravel/framework/src/Illuminate/Database/Connection.php(333): Illuminate\\Database\\Connection->run('select * from i...', Array, Object(Closure))
#2 /Users/mohanad/Documents/waleed/freelancer/freelancer/vendor/laravel/framework/src/Illuminate/Database/Schema/MySqlBuilder.php(18): Illuminate\\Database\\Connection->select('select * from i...', Array)
#3 /Users/mohanad/Documents/waleed/freelancer/freelancer/vendor/laravel/framework/src/Illuminate/Support/Facades/Facade.php(237): Illuminate\\Database\\Schema\\MySqlBuilder->hasTable('users')
#4 /Users/mohanad/Documents/waleed/freelancer/freelancer/routes/web.php(35): Illuminate\\Support\\Facades\\Facade::__callStatic('hasTable', Array)
#5 /Users/mohanad/Documents/waleed/freelancer/freelancer/vendor/laravel/framework/src/Illuminate/Routing/Router.php(417): require('/Users/mohanad/...')
#6 /Users/mohanad/Documents/waleed/freelancer/freelancer/vendor/laravel/framework/src/Illuminate/Routing/Router.php(373): Illuminate\\Routing\\Router->loadRoutes('/Users/mohanad/...')
#7 /Users/mohanad/Documents/waleed/freelancer/freelancer/vendor/laravel/framework/src/Illuminate/Routing/RouteRegistrar.php(121): Illuminate\\Routing\\Router->group(Array, '/Users/mohanad/...')
#8 /Users/mohanad/Documents/waleed/freelancer/freelancer/app/Providers/RouteServiceProvider.php(56): Illuminate\\Routing\\RouteRegistrar->group('/Users/mohanad/...')
#9 /Users/mohanad/Documents/waleed/freelancer/freelancer/app/Providers/RouteServiceProvider.php(40): App\\Providers\\RouteServiceProvider->mapWebRoutes()
#10 [internal function]: App\\Providers\\RouteServiceProvider->map()
#11 /Users/mohanad/Documents/waleed/freelancer/freelancer/vendor/laravel/framework/src/Illuminate/Container/BoundMethod.php(29): call_user_func_array(Array, Array)
#12 /Users/mohanad/Documents/waleed/freelancer/freelancer/vendor/laravel/framework/src/Illuminate/Container/BoundMethod.php(87): Illuminate\\Container\\BoundMethod::Illuminate\\Container\\{closure}()
#13 /Users/mohanad/Documents/waleed/freelancer/freelancer/vendor/laravel/framework/src/Illuminate/Container/BoundMethod.php(31): Illuminate\\Container\\BoundMethod::callBoundMethod(Object(Illuminate\\Foundation\\Application), Array, Object(Closure))
#14 /Users/mohanad/Documents/waleed/freelancer/freelancer/vendor/laravel/framework/src/Illuminate/Container/Container.php(572): Illuminate\\Container\\BoundMethod::call(Object(Illuminate\\Foundation\\Application), Array, Array, NULL)
#15 /Users/mohanad/Documents/waleed/freelancer/freelancer/vendor/laravel/framework/src/Illuminate/Foundation/Support/Providers/RouteServiceProvider.php(77): Illuminate\\Container\\Container->call(Array)
#16 /Users/mohanad/Documents/waleed/freelancer/freelancer/vendor/laravel/framework/src/Illuminate/Foundation/Support/Providers/RouteServiceProvider.php(36): Illuminate\\Foundation\\Support\\Providers\\RouteServiceProvider->loadRoutes()
#17 /Users/mohanad/Documents/waleed/freelancer/freelancer/app/Providers/RouteServiceProvider.php(28): Illuminate\\Foundation\\Support\\Providers\\RouteServiceProvider->boot()
#18 [internal function]: App\\Providers\\RouteServiceProvider->boot()
#19 /Users/mohanad/Documents/waleed/freelancer/freelancer/vendor/laravel/framework/src/Illuminate/Container/BoundMethod.php(29): call_user_func_array(Array, Array)
#20 /Users/mohanad/Documents/waleed/freelancer/freelancer/vendor/laravel/framework/src/Illuminate/Container/BoundMethod.php(87): Illuminate\\Container\\BoundMethod::Illuminate\\Container\\{closure}()
#21 /Users/mohanad/Documents/waleed/freelancer/freelancer/vendor/laravel/framework/src/Illuminate/Container/BoundMethod.php(31): Illuminate\\Container\\BoundMethod::callBoundMethod(Object(Illuminate\\Foundation\\Application), Array, Object(Closure))
#22 /Users/mohanad/Documents/waleed/freelancer/freelancer/vendor/laravel/framework/src/Illuminate/Container/Container.php(572): Illuminate\\Container\\BoundMethod::call(Object(Illuminate\\Foundation\\Application), Array, Array, NULL)
#23 /Users/mohanad/Documents/waleed/freelancer/freelancer/vendor/laravel/framework/src/Illuminate/Foundation/Application.php(819): Illuminate\\Container\\Container->call(Array)
#24 /Users/mohanad/Documents/waleed/freelancer/freelancer/vendor/laravel/framework/src/Illuminate/Foundation/Application.php(802): Illuminate\\Foundation\\Application->bootProvider(Object(App\\Providers\\RouteServiceProvider))
#25 [internal function]: Illuminate\\Foundation\\Application->Illuminate\\Foundation\\{closure}(Object(App\\Providers\\RouteServiceProvider), 35)
#26 /Users/mohanad/Documents/waleed/freelancer/freelancer/vendor/laravel/framework/src/Illuminate/Foundation/Application.php(803): array_walk(Array, Object(Closure))
#27 /Users/mohanad/Documents/waleed/freelancer/freelancer/vendor/laravel/framework/src/Illuminate/Foundation/Bootstrap/BootProviders.php(17): Illuminate\\Foundation\\Application->boot()
#28 /Users/mohanad/Documents/waleed/freelancer/freelancer/vendor/laravel/framework/src/Illuminate/Foundation/Application.php(211): Illuminate\\Foundation\\Bootstrap\\BootProviders->bootstrap(Object(Illuminate\\Foundation\\Application))
#29 /Users/mohanad/Documents/waleed/freelancer/freelancer/vendor/laravel/framework/src/Illuminate/Foundation/Http/Kernel.php(162): Illuminate\\Foundation\\Application->bootstrapWith(Array)
#30 /Users/mohanad/Documents/waleed/freelancer/freelancer/vendor/laravel/framework/src/Illuminate/Foundation/Http/Kernel.php(146): Illuminate\\Foundation\\Http\\Kernel->bootstrap()
#31 /Users/mohanad/Documents/waleed/freelancer/freelancer/vendor/laravel/framework/src/Illuminate/Foundation/Http/Kernel.php(116): Illuminate\\Foundation\\Http\\Kernel->sendRequestThroughRouter(Object(Illuminate\\Http\\Request))
#32 /Users/mohanad/Documents/waleed/freelancer/freelancer/public/index.php(55): Illuminate\\Foundation\\Http\\Kernel->handle(Object(Illuminate\\Http\\Request))
#33 /Users/mohanad/.composer/vendor/laravel/valet/server.php(191): require('/Users/mohanad/...')
#34 {main}
"} 
